{"C:\\Users\\abeld\\Desktop\\hextris\\js\\comboTimer.js": {"path":"C:\\Users\\abeld\\Desktop\\hextris\\js\\comboTimer.js","statementMap":{"0":{"start":{"line":2,"column":1},"end":{"line":21,"column":2}},"1":{"start":{"line":3,"column":21},"end":{"line":3,"column":23}},"2":{"start":{"line":4,"column":22},"end":{"line":4,"column":24}},"3":{"start":{"line":5,"column":1},"end":{"line":18,"column":2}},"4":{"start":{"line":6,"column":2},"end":{"line":17,"column":3}},"5":{"start":{"line":6,"column":12},"end":{"line":6,"column":13}},"6":{"start":{"line":7,"column":15},"end":{"line":7,"column":44}},"7":{"start":{"line":8,"column":3},"end":{"line":16,"column":4}},"8":{"start":{"line":9,"column":4},"end":{"line":9,"column":43}},"9":{"start":{"line":10,"column":8},"end":{"line":10,"column":52}},"10":{"start":{"line":13,"column":4},"end":{"line":13,"column":77}},"11":{"start":{"line":14,"column":4},"end":{"line":14,"column":82}},"12":{"start":{"line":15,"column":4},"end":{"line":15,"column":10}},"13":{"start":{"line":19,"column":2},"end":{"line":19,"column":57}},"14":{"start":{"line":19,"column":33},"end":{"line":19,"column":57}},"15":{"start":{"line":20,"column":2},"end":{"line":20,"column":55}},"16":{"start":{"line":20,"column":32},"end":{"line":20,"column":55}},"17":{"start":{"line":25,"column":1},"end":{"line":25,"column":39}},"18":{"start":{"line":26,"column":1},"end":{"line":26,"column":35}},"19":{"start":{"line":27,"column":1},"end":{"line":27,"column":19}},"20":{"start":{"line":28,"column":1},"end":{"line":28,"column":17}},"21":{"start":{"line":29,"column":1},"end":{"line":29,"column":23}},"22":{"start":{"line":31,"column":14},"end":{"line":31,"column":91}},"23":{"start":{"line":32,"column":18},"end":{"line":32,"column":26}},"24":{"start":{"line":33,"column":17},"end":{"line":33,"column":41}},"25":{"start":{"line":34,"column":15},"end":{"line":47,"column":12}},"26":{"start":{"line":48,"column":13},"end":{"line":48,"column":58}},"27":{"start":{"line":49,"column":13},"end":{"line":49,"column":59}},"28":{"start":{"line":50,"column":12},"end":{"line":50,"column":55}},"29":{"start":{"line":51,"column":12},"end":{"line":51,"column":56}},"30":{"start":{"line":52,"column":2},"end":{"line":52,"column":93}},"31":{"start":{"line":55,"column":1},"end":{"line":59,"column":2}},"32":{"start":{"line":56,"column":2},"end":{"line":56,"column":69}},"33":{"start":{"line":58,"column":2},"end":{"line":58,"column":44}},"34":{"start":{"line":60,"column":1},"end":{"line":60,"column":33}},"35":{"start":{"line":61,"column":2},"end":{"line":61,"column":50}},"36":{"start":{"line":62,"column":1},"end":{"line":62,"column":49}},"37":{"start":{"line":63,"column":2},"end":{"line":66,"column":3}},"38":{"start":{"line":63,"column":12},"end":{"line":63,"column":13}},"39":{"start":{"line":64,"column":3},"end":{"line":64,"column":51}},"40":{"start":{"line":65,"column":3},"end":{"line":65,"column":51}},"41":{"start":{"line":67,"column":1},"end":{"line":67,"column":17}},"42":{"start":{"line":68,"column":1},"end":{"line":68,"column":12}},"43":{"start":{"line":69,"column":1},"end":{"line":69,"column":14}},"44":{"start":{"line":72,"column":0},"end":{"line":72,"column":49}}},"fnMap":{"0":{"name":"drawTimer","decl":{"start":{"line":1,"column":9},"end":{"line":1,"column":18}},"loc":{"start":{"line":1,"column":21},"end":{"line":22,"column":1}},"line":1},"1":{"name":"calcSide","decl":{"start":{"line":24,"column":9},"end":{"line":24,"column":17}},"loc":{"start":{"line":24,"column":56},"end":{"line":53,"column":1}},"line":24},"2":{"name":"drawSide","decl":{"start":{"line":54,"column":9},"end":{"line":54,"column":17}},"loc":{"start":{"line":54,"column":27},"end":{"line":71,"column":1}},"line":54}},"branchMap":{"0":{"loc":{"start":{"line":2,"column":1},"end":{"line":21,"column":2}},"type":"if","locations":[{"start":{"line":2,"column":1},"end":{"line":21,"column":2}},{"start":{"line":2,"column":1},"end":{"line":21,"column":2}}],"line":2},"1":{"loc":{"start":{"line":5,"column":1},"end":{"line":18,"column":2}},"type":"if","locations":[{"start":{"line":5,"column":1},"end":{"line":18,"column":2}},{"start":{"line":5,"column":1},"end":{"line":18,"column":2}}],"line":5},"2":{"loc":{"start":{"line":8,"column":3},"end":{"line":16,"column":4}},"type":"if","locations":[{"start":{"line":8,"column":3},"end":{"line":16,"column":4}},{"start":{"line":8,"column":3},"end":{"line":16,"column":4}}],"line":8},"3":{"loc":{"start":{"line":19,"column":2},"end":{"line":19,"column":57}},"type":"if","locations":[{"start":{"line":19,"column":2},"end":{"line":19,"column":57}},{"start":{"line":19,"column":2},"end":{"line":19,"column":57}}],"line":19},"4":{"loc":{"start":{"line":20,"column":2},"end":{"line":20,"column":55}},"type":"if","locations":[{"start":{"line":20,"column":2},"end":{"line":20,"column":55}},{"start":{"line":20,"column":2},"end":{"line":20,"column":55}}],"line":20},"5":{"loc":{"start":{"line":55,"column":1},"end":{"line":59,"column":2}},"type":"if","locations":[{"start":{"line":55,"column":1},"end":{"line":59,"column":2}},{"start":{"line":55,"column":1},"end":{"line":59,"column":2}}],"line":55}},"s":{"0":0,"1":0,"2":0,"3":0,"4":0,"5":0,"6":0,"7":0,"8":0,"9":0,"10":0,"11":0,"12":0,"13":0,"14":0,"15":0,"16":0,"17":1,"18":1,"19":1,"20":1,"21":0,"22":0,"23":0,"24":0,"25":0,"26":0,"27":0,"28":0,"29":0,"30":0,"31":1,"32":0,"33":0,"34":0,"35":0,"36":0,"37":0,"38":0,"39":0,"40":0,"41":0,"42":0,"43":0,"44":1},"f":{"0":0,"1":1,"2":1},"b":{"0":[0,0],"1":[0,0],"2":[0,0],"3":[0,0],"4":[0,0],"5":[0,0]},"_coverageSchema":"43e27e138ebf9cfc5966b082cf9a028302ed4184","hash":"63ed1b3f95430b5ac57fd9114fab6c20219636ab"}
}
