{"C:\\Users\\abeld\\Desktop\\hextris\\js\\checking.js": {"path":"C:\\Users\\abeld\\Desktop\\hextris\\js\\checking.js","statementMap":{"0":{"start":{"line":3,"column":1},"end":{"line":7,"column":2}},"1":{"start":{"line":3,"column":11},"end":{"line":3,"column":12}},"2":{"start":{"line":4,"column":2},"end":{"line":6,"column":3}},"3":{"start":{"line":5,"column":3},"end":{"line":5,"column":15}},"4":{"start":{"line":8,"column":1},"end":{"line":8,"column":14}},"5":{"start":{"line":13,"column":1},"end":{"line":13,"column":85}},"6":{"start":{"line":13,"column":78},"end":{"line":13,"column":85}},"7":{"start":{"line":16,"column":13},"end":{"line":16,"column":42}},"8":{"start":{"line":18,"column":1},"end":{"line":38,"column":2}},"9":{"start":{"line":18,"column":12},"end":{"line":18,"column":14}},"10":{"start":{"line":19,"column":2},"end":{"line":37,"column":3}},"11":{"start":{"line":19,"column":13},"end":{"line":19,"column":15}},"12":{"start":{"line":21,"column":3},"end":{"line":21,"column":42}},"13":{"start":{"line":21,"column":32},"end":{"line":21,"column":41}},"14":{"start":{"line":23,"column":16},"end":{"line":23,"column":44}},"15":{"start":{"line":25,"column":18},"end":{"line":25,"column":25}},"16":{"start":{"line":27,"column":3},"end":{"line":27,"column":51}},"17":{"start":{"line":27,"column":41},"end":{"line":27,"column":50}},"18":{"start":{"line":28,"column":3},"end":{"line":36,"column":4}},"19":{"start":{"line":30,"column":4},"end":{"line":35,"column":5}},"20":{"start":{"line":32,"column":5},"end":{"line":32,"column":39}},"21":{"start":{"line":34,"column":5},"end":{"line":34,"column":46}},"22":{"start":{"line":40,"column":8},"end":{"line":40,"column":9}},"23":{"start":{"line":43,"column":1},"end":{"line":43,"column":27}},"24":{"start":{"line":44,"column":1},"end":{"line":44,"column":5}},"25":{"start":{"line":45,"column":1},"end":{"line":45,"column":19}},"26":{"start":{"line":46,"column":1},"end":{"line":46,"column":20}},"27":{"start":{"line":49,"column":19},"end":{"line":49,"column":21}},"28":{"start":{"line":50,"column":14},"end":{"line":50,"column":16}},"29":{"start":{"line":51,"column":21},"end":{"line":51,"column":23}},"30":{"start":{"line":53,"column":1},"end":{"line":53,"column":29}},"31":{"start":{"line":55,"column":1},"end":{"line":55,"column":36}},"32":{"start":{"line":57,"column":1},"end":{"line":57,"column":31}},"33":{"start":{"line":57,"column":23},"end":{"line":57,"column":30}},"34":{"start":{"line":59,"column":1},"end":{"line":71,"column":2}},"35":{"start":{"line":60,"column":12},"end":{"line":60,"column":23}},"36":{"start":{"line":62,"column":2},"end":{"line":70,"column":3}},"37":{"start":{"line":64,"column":3},"end":{"line":66,"column":4}},"38":{"start":{"line":65,"column":4},"end":{"line":65,"column":30}},"39":{"start":{"line":68,"column":3},"end":{"line":68,"column":42}},"40":{"start":{"line":69,"column":3},"end":{"line":69,"column":50}},"41":{"start":{"line":74,"column":11},"end":{"line":74,"column":21}},"42":{"start":{"line":75,"column":1},"end":{"line":86,"column":2}},"43":{"start":{"line":76,"column":2},"end":{"line":76,"column":92}},"44":{"start":{"line":77,"column":2},"end":{"line":77,"column":27}},"45":{"start":{"line":78,"column":2},"end":{"line":78,"column":22}},"46":{"start":{"line":79,"column":15},"end":{"line":79,"column":48}},"47":{"start":{"line":80,"column":2},"end":{"line":80,"column":117}},"48":{"start":{"line":83,"column":2},"end":{"line":83,"column":27}},"49":{"start":{"line":84,"column":2},"end":{"line":84,"column":22}},"50":{"start":{"line":85,"column":2},"end":{"line":85,"column":26}},"51":{"start":{"line":87,"column":13},"end":{"line":87,"column":68}},"52":{"start":{"line":88,"column":1},"end":{"line":88,"column":107}},"53":{"start":{"line":89,"column":2},"end":{"line":89,"column":47}},"54":{"start":{"line":90,"column":1},"end":{"line":90,"column":16}},"55":{"start":{"line":94,"column":0},"end":{"line":94,"column":56}}},"fnMap":{"0":{"name":"search","decl":{"start":{"line":1,"column":9},"end":{"line":1,"column":15}},"loc":{"start":{"line":1,"column":26},"end":{"line":9,"column":1}},"line":1},"1":{"name":"floodFill","decl":{"start":{"line":11,"column":9},"end":{"line":11,"column":18}},"loc":{"start":{"line":11,"column":47},"end":{"line":39,"column":1}},"line":11},"2":{"name":"consolidateBlocks","decl":{"start":{"line":42,"column":9},"end":{"line":42,"column":26}},"loc":{"start":{"line":42,"column":42},"end":{"line":91,"column":1}},"line":42}},"branchMap":{"0":{"loc":{"start":{"line":4,"column":2},"end":{"line":6,"column":3}},"type":"if","locations":[{"start":{"line":4,"column":2},"end":{"line":6,"column":3}},{"start":{"line":4,"column":2},"end":{"line":6,"column":3}}],"line":4},"1":{"loc":{"start":{"line":4,"column":5},"end":{"line":4,"column":51}},"type":"binary-expr","locations":[{"start":{"line":4,"column":5},"end":{"line":4,"column":26}},{"start":{"line":4,"column":30},"end":{"line":4,"column":51}}],"line":4},"2":{"loc":{"start":{"line":13,"column":1},"end":{"line":13,"column":85}},"type":"if","locations":[{"start":{"line":13,"column":1},"end":{"line":13,"column":85}},{"start":{"line":13,"column":1},"end":{"line":13,"column":85}}],"line":13},"3":{"loc":{"start":{"line":13,"column":5},"end":{"line":13,"column":76}},"type":"binary-expr","locations":[{"start":{"line":13,"column":5},"end":{"line":13,"column":35}},{"start":{"line":13,"column":39},"end":{"line":13,"column":76}}],"line":13},"4":{"loc":{"start":{"line":21,"column":3},"end":{"line":21,"column":42}},"type":"if","locations":[{"start":{"line":21,"column":3},"end":{"line":21,"column":42}},{"start":{"line":21,"column":3},"end":{"line":21,"column":42}}],"line":21},"5":{"loc":{"start":{"line":27,"column":3},"end":{"line":27,"column":51}},"type":"if","locations":[{"start":{"line":27,"column":3},"end":{"line":27,"column":51}},{"start":{"line":27,"column":3},"end":{"line":27,"column":51}}],"line":27},"6":{"loc":{"start":{"line":28,"column":3},"end":{"line":36,"column":4}},"type":"if","locations":[{"start":{"line":28,"column":3},"end":{"line":36,"column":4}},{"start":{"line":28,"column":3},"end":{"line":36,"column":4}}],"line":28},"7":{"loc":{"start":{"line":30,"column":4},"end":{"line":35,"column":5}},"type":"if","locations":[{"start":{"line":30,"column":4},"end":{"line":35,"column":5}},{"start":{"line":30,"column":4},"end":{"line":35,"column":5}}],"line":30},"8":{"loc":{"start":{"line":30,"column":7},"end":{"line":30,"column":147}},"type":"binary-expr","locations":[{"start":{"line":30,"column":7},"end":{"line":30,"column":51}},{"start":{"line":30,"column":55},"end":{"line":30,"column":100}},{"start":{"line":30,"column":104},"end":{"line":30,"column":147}}],"line":30},"9":{"loc":{"start":{"line":57,"column":1},"end":{"line":57,"column":31}},"type":"if","locations":[{"start":{"line":57,"column":1},"end":{"line":57,"column":31}},{"start":{"line":57,"column":1},"end":{"line":57,"column":31}}],"line":57},"10":{"loc":{"start":{"line":62,"column":2},"end":{"line":70,"column":3}},"type":"if","locations":[{"start":{"line":62,"column":2},"end":{"line":70,"column":3}},{"start":{"line":62,"column":2},"end":{"line":70,"column":3}}],"line":62},"11":{"loc":{"start":{"line":62,"column":5},"end":{"line":62,"column":39}},"type":"binary-expr","locations":[{"start":{"line":62,"column":5},"end":{"line":62,"column":22}},{"start":{"line":62,"column":26},"end":{"line":62,"column":39}}],"line":62},"12":{"loc":{"start":{"line":64,"column":3},"end":{"line":66,"column":4}},"type":"if","locations":[{"start":{"line":64,"column":3},"end":{"line":66,"column":4}},{"start":{"line":64,"column":3},"end":{"line":66,"column":4}}],"line":64},"13":{"loc":{"start":{"line":75,"column":1},"end":{"line":86,"column":2}},"type":"if","locations":[{"start":{"line":75,"column":1},"end":{"line":86,"column":2}},{"start":{"line":75,"column":1},"end":{"line":86,"column":2}}],"line":75}},"s":{"0":2,"1":2,"2":2,"3":2,"4":0,"5":3,"6":1,"7":2,"8":2,"9":2,"10":6,"11":6,"12":18,"13":10,"14":8,"15":8,"16":8,"17":0,"18":8,"19":4,"20":0,"21":0,"22":1,"23":2,"24":2,"25":2,"26":2,"27":2,"28":2,"29":2,"30":2,"31":2,"32":2,"33":2,"34":0,"35":0,"36":0,"37":0,"38":0,"39":0,"40":0,"41":0,"42":0,"43":0,"44":0,"45":0,"46":0,"47":0,"48":0,"49":0,"50":0,"51":0,"52":0,"53":0,"54":0,"55":1},"f":{"0":2,"1":3,"2":2},"b":{"0":[2,0],"1":[2,2],"2":[1,2],"3":[3,3],"4":[10,8],"5":[0,8],"6":[4,4],"7":[0,4],"8":[4,0,0],"9":[2,0],"10":[0,0],"11":[0,0],"12":[0,0],"13":[0,0]},"_coverageSchema":"43e27e138ebf9cfc5966b082cf9a028302ed4184","hash":"493233752e63c88780b92206e44c7b77f8590765"}
,"C:\\Users\\abeld\\Desktop\\hextris\\js\\math.js": {"path":"C:\\Users\\abeld\\Desktop\\hextris\\js\\math.js","statementMap":{"0":{"start":{"line":2,"column":16},"end":{"line":2,"column":39}},"1":{"start":{"line":3,"column":12},"end":{"line":3,"column":59}},"2":{"start":{"line":4,"column":12},"end":{"line":4,"column":59}},"3":{"start":{"line":6,"column":1},"end":{"line":9,"column":3}},"4":{"start":{"line":13,"column":1},"end":{"line":13,"column":48}},"5":{"start":{"line":16,"column":0},"end":{"line":16,"column":40}}},"fnMap":{"0":{"name":"rotatePoint","decl":{"start":{"line":1,"column":9},"end":{"line":1,"column":20}},"loc":{"start":{"line":1,"column":34},"end":{"line":10,"column":1}},"line":1},"1":{"name":"randInt","decl":{"start":{"line":12,"column":9},"end":{"line":12,"column":16}},"loc":{"start":{"line":12,"column":27},"end":{"line":14,"column":1}},"line":12}},"branchMap":{},"s":{"0":1,"1":1,"2":1,"3":1,"4":20,"5":1},"f":{"0":1,"1":20},"b":{},"_coverageSchema":"43e27e138ebf9cfc5966b082cf9a028302ed4184","hash":"d050bdd056745a38c0115fc2feb9c188c85c89f0"}
}
