TN:
SF:C:\Users\abeld\Desktop\hextris\js\checking.js
FN:1,search
FN:11,floodFill
FN:42,consolidateBlocks
FNF:3
FNH:3
FNDA:2,search
FNDA:3,floodFill
FNDA:2,consolidateBlocks
DA:3,2
DA:4,2
DA:5,2
DA:8,0
DA:13,3
DA:16,2
DA:18,2
DA:19,6
DA:21,18
DA:23,8
DA:25,8
DA:27,8
DA:28,8
DA:30,4
DA:32,0
DA:34,0
DA:40,1
DA:43,2
DA:44,2
DA:45,2
DA:46,2
DA:49,2
DA:50,2
DA:51,2
DA:53,2
DA:55,2
DA:57,2
DA:59,0
DA:60,0
DA:62,0
DA:64,0
DA:65,0
DA:68,0
DA:69,0
DA:74,0
DA:75,0
DA:76,0
DA:77,0
DA:78,0
DA:79,0
DA:80,0
DA:83,0
DA:84,0
DA:85,0
DA:87,0
DA:88,0
DA:89,0
DA:90,0
DA:94,1
LF:49
LH:25
BRDA:4,0,0,2
BRDA:4,0,1,0
BRDA:4,1,0,2
BRDA:4,1,1,2
BRDA:13,2,0,1
BRDA:13,2,1,2
BRDA:13,3,0,3
BRDA:13,3,1,3
BRDA:21,4,0,10
BRDA:21,4,1,8
BRDA:27,5,0,0
BRDA:27,5,1,8
BRDA:28,6,0,4
BRDA:28,6,1,4
BRDA:30,7,0,0
BRDA:30,7,1,4
BRDA:30,8,0,4
BRDA:30,8,1,0
BRDA:30,8,2,0
BRDA:57,9,0,2
BRDA:57,9,1,0
BRDA:62,10,0,0
BRDA:62,10,1,0
BRDA:62,11,0,0
BRDA:62,11,1,0
BRDA:64,12,0,0
BRDA:64,12,1,0
BRDA:75,13,0,0
BRDA:75,13,1,0
BRF:29
BRH:15
end_of_record
TN:
SF:C:\Users\abeld\Desktop\hextris\js\math.js
FN:1,rotatePoint
FN:12,randInt
FNF:2
FNH:2
FNDA:1,rotatePoint
FNDA:20,randInt
DA:2,1
DA:3,1
DA:4,1
DA:6,1
DA:13,20
DA:16,1
LF:6
LH:6
BRF:0
BRH:0
end_of_record
